Using pre-set license
Built from '2020.3/staging' branch; Version is '2020.3.16f1 (049d6eca3c44) revision 302446'; Using compiler version '192528614'; Build Type 'Release'
OS: 'Windows 10 Pro; OS build 19041.450; Version 2004; 64bit' Language: 'es' Physical Memory: 8156 MB
BatchMode: 1, IsHumanControllingUs: 0, StartBugReporterOnCrash: 0, Is64bit: 1, IsPro: 0

 COMMAND LINE ARGUMENTS:
C:\Program Files\Unity\Hub\Editor\2020.3.16f1\Editor\Unity.exe
-adb2
-batchMode
-noUpm
-name
AssetImportWorker0
-projectPath
C:/Users/Usuario/portal
-logFile
Logs/AssetImportWorker0.log
-srvPort
65256
Successfully changed project path to: C:/Users/Usuario/portal
C:/Users/Usuario/portal
Using Asset Import Pipeline V2.
Refreshing native plugins compatible for Editor in 49.87 ms, found 5 plugins.
Preloading 2 native plugins for Editor in 2.15 ms.
Initialize engine version: 2020.3.16f1 (049d6eca3c44)
[Subsystems] Discovering subsystems at path C:/Program Files/Unity/Hub/Editor/2020.3.16f1/Editor/Data/Resources/UnitySubsystems
[Subsystems] Discovering subsystems at path C:/Users/Usuario/portal/Assets
GfxDevice: creating device client; threaded=0
Direct3D:
    Version:  Direct3D 11.0 [level 11.1]
    Renderer: NVIDIA GeForce GTX 1650 (ID=0x1f82)
    Vendor:   
    VRAM:     3962 MB
    Driver:   26.21.14.4166
Initialize mono
Mono path[0] = 'C:/Program Files/Unity/Hub/Editor/2020.3.16f1/Editor/Data/Managed'
Mono path[1] = 'C:/Program Files/Unity/Hub/Editor/2020.3.16f1/Editor/Data/MonoBleedingEdge/lib/mono/unityjit'
Mono config path = 'C:/Program Files/Unity/Hub/Editor/2020.3.16f1/Editor/Data/MonoBleedingEdge/etc'
Using monoOptions --debugger-agent=transport=dt_socket,embedding=1,server=y,suspend=n,address=127.0.0.1:56664
Begin MonoManager ReloadAssembly
Registering precompiled unity dll's ...
Register platform support module: C:/Program Files/Unity/Hub/Editor/2020.3.16f1/Editor/Data/PlaybackEngines/WebGLSupport/UnityEditor.WebGL.Extensions.dll
Register platform support module: C:/Program Files/Unity/Hub/Editor/2020.3.16f1/Editor/Data/PlaybackEngines/WindowsStandaloneSupport/UnityEditor.WindowsStandalone.Extensions.dll
Registered in 0.002155 seconds.
Native extension for WindowsStandalone target not found
Native extension for WebGL target not found
Refreshing native plugins compatible for Editor in 33.59 ms, found 5 plugins.
Preloading 2 native plugins for Editor in 0.13 ms.
Mono: successfully reloaded assembly
- Completed reload, in  1.993 seconds
Domain Reload Profiling:
	ReloadAssembly (1993ms)
		BeginReloadAssembly (55ms)
			ExecutionOrderSort (0ms)
			DisableScriptedObjects (0ms)
			BackupInstance (0ms)
			ReleaseScriptingObjects (0ms)
			CreateAndSetChildDomain (1ms)
		EndReloadAssembly (428ms)
			LoadAssemblies (53ms)
			RebuildTransferFunctionScriptingTraits (0ms)
			SetupTypeCache (166ms)
			ReleaseScriptCaches (0ms)
			RebuildScriptCaches (33ms)
			SetupLoadedEditorAssemblies (157ms)
				LogAssemblyErrors (0ms)
				InitializePlatformSupportModulesInManaged (4ms)
				SetLoadedEditorAssemblies (0ms)
				RefreshPlugins (34ms)
				BeforeProcessingInitializeOnLoad (8ms)
				ProcessInitializeOnLoadAttributes (82ms)
				ProcessInitializeOnLoadMethodAttributes (29ms)
				AfterProcessingInitializeOnLoad (0ms)
				EditorAssembliesLoaded (0ms)
			ExecutionOrderSort2 (0ms)
			AwakeInstancesAfterBackupRestoration (0ms)
Platform modules already initialized, skipping
Registering precompiled user dll's ...
Registered in 0.009282 seconds.
Begin MonoManager ReloadAssembly
Native extension for WindowsStandalone target not found
Native extension for WebGL target not found
Refreshing native plugins compatible for Editor in 0.46 ms, found 5 plugins.
Preloading 2 native plugins for Editor in 0.13 ms.
System.NullReferenceException: Object reference not set to an instance of an object
  at Vuforia.EditorClasses.ExtensionTypeProvider.GetVuforiaPackageAbsPath () [0x0004a] in <1f04276909b0489a92cbf64024dd27dd>:0 
  at Vuforia.EditorClasses.ExtensionTypeProvider.IsPackageManager () [0x00000] in <1f04276909b0489a92cbf64024dd27dd>:0 
  at Vuforia.EditorClasses.ExtensionTypeProvider.ResolvePluginType () [0x00009] in <1f04276909b0489a92cbf64024dd27dd>:0 
  at Vuforia.EditorClasses.ExtensionTypeProvider.GetPluginType () [0x0000c] in <1f04276909b0489a92cbf64024dd27dd>:0 
  at Vuforia.EditorClasses.VuforiaUtilities.IsVuforiaEnabledInPlayerSettings () [0x00000] in <1f04276909b0489a92cbf64024dd27dd>:0 
  at VuforiaEnabledObserver..cctor () [0x00000] in <1f04276909b0489a92cbf64024dd27dd>:0 
UnityEngine.StackTraceUtility:ExtractStackTrace ()
UnityEngine.DebugLogHandler:LogFormat (UnityEngine.LogType,UnityEngine.Object,string,object[])
UnityEngine.Logger:Log (UnityEngine.LogType,object)
UnityEngine.Debug:LogError (object)
UnityEditor.EditorAssemblies:ProcessInitializeOnLoadAttributes (System.Type[])

System.NullReferenceException: Object reference not set to an instance of an object
  at Vuforia.EditorClasses.ExtensionTypeProvider.GetVuforiaPackageAbsPath () [0x0004a] in <1f04276909b0489a92cbf64024dd27dd>:0 
  at Vuforia.EditorClasses.ExtensionTypeProvider.IsPackageManager () [0x00000] in <1f04276909b0489a92cbf64024dd27dd>:0 
  at Vuforia.EditorClasses.ExtensionTypeProvider.ResolvePluginType () [0x00009] in <1f04276909b0489a92cbf64024dd27dd>:0 
  at Vuforia.EditorClasses.ExtensionTypeProvider.GetPluginType () [0x0000c] in <1f04276909b0489a92cbf64024dd27dd>:0 
  at Vuforia.EditorClasses.VuforiaUtilities.IsVuforiaEnabledInPlayerSettings () [0x00000] in <1f04276909b0489a92cbf64024dd27dd>:0 
  at Vuforia.EditorClasses.InitializeOnLoadVuforiaTaskRunner..cctor () [0x00015] in <1f04276909b0489a92cbf64024dd27dd>:0 
UnityEngine.StackTraceUtility:ExtractStackTrace ()
UnityEngine.DebugLogHandler:LogFormat (UnityEngine.LogType,UnityEngine.Object,string,object[])
UnityEngine.Logger:Log (UnityEngine.LogType,object)
UnityEngine.Debug:LogError (object)
UnityEditor.EditorAssemblies:ProcessInitializeOnLoadAttributes (System.Type[])

Mono: successfully reloaded assembly
- Completed reload, in  1.296 seconds
Domain Reload Profiling:
	ReloadAssembly (1297ms)
		BeginReloadAssembly (163ms)
			ExecutionOrderSort (0ms)
			DisableScriptedObjects (4ms)
			BackupInstance (0ms)
			ReleaseScriptingObjects (0ms)
			CreateAndSetChildDomain (20ms)
		EndReloadAssembly (1063ms)
			LoadAssemblies (102ms)
			RebuildTransferFunctionScriptingTraits (0ms)
			SetupTypeCache (294ms)
			ReleaseScriptCaches (0ms)
			RebuildScriptCaches (46ms)
			SetupLoadedEditorAssemblies (537ms)
				LogAssemblyErrors (0ms)
				InitializePlatformSupportModulesInManaged (5ms)
				SetLoadedEditorAssemblies (0ms)
				RefreshPlugins (1ms)
				BeforeProcessingInitializeOnLoad (59ms)
				ProcessInitializeOnLoadAttributes (462ms)
				ProcessInitializeOnLoadMethodAttributes (4ms)
				AfterProcessingInitializeOnLoad (6ms)
				EditorAssembliesLoaded (0ms)
			ExecutionOrderSort2 (0ms)
			AwakeInstancesAfterBackupRestoration (6ms)
Platform modules already initialized, skipping
========================================================================
Worker process is ready to serve import requests
Launched and connected shader compiler UnityShaderCompiler.exe after 0.13 seconds
Refreshing native plugins compatible for Editor in 0.52 ms, found 5 plugins.
Preloading 2 native plugins for Editor in 0.11 ms.
Unloading 1449 Unused Serialized files (Serialized files now loaded: 0)
System memory in use before: 69.3 MB.
System memory in use after: 69.4 MB.

Unloading 46 unused Assets to reduce memory usage. Loaded Objects now: 2147.
Total: 3.261600 ms (FindLiveObjects: 0.204100 ms CreateObjectMapping: 0.055900 ms MarkObjects: 2.908100 ms  DeleteObjects: 0.092100 ms)

AssetImportParameters requested are different than current active one (requested -> active):
  custom:framework-win-MediaFoundation: 216162199b28c13a410421893ffa2e32 -> 
  custom:video-decoder-ogg-theora: a1e56fd34408186e4bbccfd4996cb3dc -> 
  custom:container-muxer-webm: aa71ff27fc2769a1b78a27578f13a17b -> 
  custom:container-demuxer-webm: 4f35f7cbe854078d1ac9338744f61a02 -> 
  custom:container-demuxer-ogg: 62fdf1f143b41e24485cea50d1cbac27 -> 
  custom:video-encoder-webm-vp8: eb34c28f22e8b96e1ab97ce403110664 -> 
  custom:video-decoder-webm-vp8: 9c59270c3fd7afecdb556c50c9e8de78 -> 
  custom:audio-decoder-ogg-vorbis: bf7c407c2cedff20999df2af8eb42d56 -> 
  custom:audio-encoder-webm-vorbis: bf7c407c2cedff20999df2af8eb42d56 -> 
========================================================================
Received Import Request.
  path: Assets/Resources/VuforiaConfiguration.asset
  artifactKey: Guid(f034b13ed833ad94781f93924d2fb176) Importer(815301076,1909f56bfc062723c751e8b465ee728b)
Start importing Assets/Resources/VuforiaConfiguration.asset using Guid(f034b13ed833ad94781f93924d2fb176) Importer(815301076,1909f56bfc062723c751e8b465ee728b)  -> (artifact id: '3b7e9f0e7ed7ba68fe81d041b5e5dd6d') in 0.034164 seconds 
  Import took 0.053215 seconds .

========================================================================
Received Prepare
Refreshing native plugins compatible for Editor in 9.21 ms, found 5 plugins.
Preloading 2 native plugins for Editor in 0.09 ms.
Unloading 39 Unused Serialized files (Serialized files now loaded: 0)
System memory in use before: 40.5 MB.
System memory in use after: 40.6 MB.

Unloading 40 unused Assets to reduce memory usage. Loaded Objects now: 2147.
Total: 3.432900 ms (FindLiveObjects: 0.178200 ms CreateObjectMapping: 0.061000 ms MarkObjects: 3.127700 ms  DeleteObjects: 0.064600 ms)

AssetImportParameters requested are different than current active one (requested -> active):
  custom:framework-win-MediaFoundation: 216162199b28c13a410421893ffa2e32 -> 
  custom:video-decoder-ogg-theora: a1e56fd34408186e4bbccfd4996cb3dc -> 
  custom:container-muxer-webm: aa71ff27fc2769a1b78a27578f13a17b -> 
  custom:container-demuxer-webm: 4f35f7cbe854078d1ac9338744f61a02 -> 
  custom:container-demuxer-ogg: 62fdf1f143b41e24485cea50d1cbac27 -> 
  custom:video-encoder-webm-vp8: eb34c28f22e8b96e1ab97ce403110664 -> 
  custom:video-decoder-webm-vp8: 9c59270c3fd7afecdb556c50c9e8de78 -> 
  custom:audio-decoder-ogg-vorbis: bf7c407c2cedff20999df2af8eb42d56 -> 
  custom:audio-encoder-webm-vorbis: bf7c407c2cedff20999df2af8eb42d56 -> 
========================================================================
Received Prepare
Registering precompiled user dll's ...
Registered in 0.010532 seconds.
Begin MonoManager ReloadAssembly
Native extension for WindowsStandalone target not found
Native extension for WebGL target not found
Refreshing native plugins compatible for Editor in 0.46 ms, found 5 plugins.
Preloading 2 native plugins for Editor in 0.13 ms.
System.NullReferenceException: Object reference not set to an instance of an object
  at Vuforia.EditorClasses.ExtensionTypeProvider.GetVuforiaPackageAbsPath () [0x0004a] in <1f04276909b0489a92cbf64024dd27dd>:0 
  at Vuforia.EditorClasses.ExtensionTypeProvider.IsPackageManager () [0x00000] in <1f04276909b0489a92cbf64024dd27dd>:0 
  at Vuforia.EditorClasses.ExtensionTypeProvider.ResolvePluginType () [0x00009] in <1f04276909b0489a92cbf64024dd27dd>:0 
  at Vuforia.EditorClasses.ExtensionTypeProvider.GetPluginType () [0x0000c] in <1f04276909b0489a92cbf64024dd27dd>:0 
  at Vuforia.EditorClasses.VuforiaUtilities.IsVuforiaEnabledInPlayerSettings () [0x00000] in <1f04276909b0489a92cbf64024dd27dd>:0 
  at VuforiaEnabledObserver..cctor () [0x00000] in <1f04276909b0489a92cbf64024dd27dd>:0 
UnityEngine.StackTraceUtility:ExtractStackTrace ()
UnityEngine.DebugLogHandler:LogFormat (UnityEngine.LogType,UnityEngine.Object,string,object[])
UnityEngine.Logger:Log (UnityEngine.LogType,object)
UnityEngine.Debug:LogError (object)
UnityEditor.EditorAssemblies:ProcessInitializeOnLoadAttributes (System.Type[])

System.NullReferenceException: Object reference not set to an instance of an object
  at Vuforia.EditorClasses.ExtensionTypeProvider.GetVuforiaPackageAbsPath () [0x0004a] in <1f04276909b0489a92cbf64024dd27dd>:0 
  at Vuforia.EditorClasses.ExtensionTypeProvider.IsPackageManager () [0x00000] in <1f04276909b0489a92cbf64024dd27dd>:0 
  at Vuforia.EditorClasses.ExtensionTypeProvider.ResolvePluginType () [0x00009] in <1f04276909b0489a92cbf64024dd27dd>:0 
  at Vuforia.EditorClasses.ExtensionTypeProvider.GetPluginType () [0x0000c] in <1f04276909b0489a92cbf64024dd27dd>:0 
  at Vuforia.EditorClasses.VuforiaUtilities.IsVuforiaEnabledInPlayerSettings () [0x00000] in <1f04276909b0489a92cbf64024dd27dd>:0 
  at Vuforia.EditorClasses.InitializeOnLoadVuforiaTaskRunner..cctor () [0x00015] in <1f04276909b0489a92cbf64024dd27dd>:0 
UnityEngine.StackTraceUtility:ExtractStackTrace ()
UnityEngine.DebugLogHandler:LogFormat (UnityEngine.LogType,UnityEngine.Object,string,object[])
UnityEngine.Logger:Log (UnityEngine.LogType,object)
UnityEngine.Debug:LogError (object)
UnityEditor.EditorAssemblies:ProcessInitializeOnLoadAttributes (System.Type[])

Mono: successfully reloaded assembly
- Completed reload, in  1.259 seconds
Domain Reload Profiling:
	ReloadAssembly (1260ms)
		BeginReloadAssembly (107ms)
			ExecutionOrderSort (0ms)
			DisableScriptedObjects (4ms)
			BackupInstance (0ms)
			ReleaseScriptingObjects (0ms)
			CreateAndSetChildDomain (32ms)
		EndReloadAssembly (1095ms)
			LoadAssemblies (87ms)
			RebuildTransferFunctionScriptingTraits (0ms)
			SetupTypeCache (282ms)
			ReleaseScriptCaches (1ms)
			RebuildScriptCaches (36ms)
			SetupLoadedEditorAssemblies (581ms)
				LogAssemblyErrors (0ms)
				InitializePlatformSupportModulesInManaged (6ms)
				SetLoadedEditorAssemblies (0ms)
				RefreshPlugins (1ms)
				BeforeProcessingInitializeOnLoad (50ms)
				ProcessInitializeOnLoadAttributes (514ms)
				ProcessInitializeOnLoadMethodAttributes (4ms)
				AfterProcessingInitializeOnLoad (7ms)
				EditorAssembliesLoaded (0ms)
			ExecutionOrderSort2 (0ms)
			AwakeInstancesAfterBackupRestoration (7ms)
Platform modules already initialized, skipping
Switching build target platform(19) subTarget(0) extendedPlatform(0) -> platform(13) subTarget(524288) extendedPlatform(0)
Refreshing native plugins compatible for Editor in 1.49 ms, found 5 plugins.
Preloading 2 native plugins for Editor in 0.39 ms.
Unloading 1435 Unused Serialized files (Serialized files now loaded: 0)
System memory in use before: 68.0 MB.
System memory in use after: 68.1 MB.

Unloading 41 unused Assets to reduce memory usage. Loaded Objects now: 2149.
Total: 7.380800 ms (FindLiveObjects: 0.360300 ms CreateObjectMapping: 0.142500 ms MarkObjects: 6.809500 ms  DeleteObjects: 0.064900 ms)

AssetImportParameters requested are different than current active one (requested -> active):
  custom:framework-win-MediaFoundation: 216162199b28c13a410421893ffa2e32 -> 
  custom:video-decoder-ogg-theora: a1e56fd34408186e4bbccfd4996cb3dc -> 
  custom:container-muxer-webm: aa71ff27fc2769a1b78a27578f13a17b -> 
  custom:container-demuxer-webm: 4f35f7cbe854078d1ac9338744f61a02 -> 
  custom:container-demuxer-ogg: 62fdf1f143b41e24485cea50d1cbac27 -> 
  custom:video-encoder-webm-vp8: eb34c28f22e8b96e1ab97ce403110664 -> 
  custom:video-decoder-webm-vp8: 9c59270c3fd7afecdb556c50c9e8de78 -> 
  custom:graphics/normal-map-encoding: 01000000000000000000000000000000 -> 02000000000000000000000000000000
  custom:audio-decoder-ogg-vorbis: bf7c407c2cedff20999df2af8eb42d56 -> 
  custom:audio-encoder-webm-vorbis: bf7c407c2cedff20999df2af8eb42d56 -> 
========================================================================
Received Prepare
Refreshing native plugins compatible for Editor in 13.81 ms, found 5 plugins.
Preloading 2 native plugins for Editor in 0.12 ms.
Unloading 39 Unused Serialized files (Serialized files now loaded: 0)
System memory in use before: 40.5 MB.
System memory in use after: 40.6 MB.

Unloading 39 unused Assets to reduce memory usage. Loaded Objects now: 2149.
Total: 3.089000 ms (FindLiveObjects: 0.328100 ms CreateObjectMapping: 0.101800 ms MarkObjects: 2.626100 ms  DeleteObjects: 0.031600 ms)

AssetImportParameters requested are different than current active one (requested -> active):
  custom:framework-win-MediaFoundation: 216162199b28c13a410421893ffa2e32 -> 
  custom:video-decoder-ogg-theora: a1e56fd34408186e4bbccfd4996cb3dc -> 
  custom:container-muxer-webm: aa71ff27fc2769a1b78a27578f13a17b -> 
  custom:container-demuxer-webm: 4f35f7cbe854078d1ac9338744f61a02 -> 
  custom:container-demuxer-ogg: 62fdf1f143b41e24485cea50d1cbac27 -> 
  custom:video-encoder-webm-vp8: eb34c28f22e8b96e1ab97ce403110664 -> 
  custom:video-decoder-webm-vp8: 9c59270c3fd7afecdb556c50c9e8de78 -> 
  custom:audio-decoder-ogg-vorbis: bf7c407c2cedff20999df2af8eb42d56 -> 
  custom:audio-encoder-webm-vorbis: bf7c407c2cedff20999df2af8eb42d56 -> 
========================================================================
Received Import Request.
  Time since last request: 7563.718448 seconds.
  path: Assets
  artifactKey: Guid(00000000000000001000000000000000) Importer(815301076,1909f56bfc062723c751e8b465ee728b)
Start importing Assets using Guid(00000000000000001000000000000000) Importer(815301076,1909f56bfc062723c751e8b465ee728b)  -> (artifact id: '42d402b061de3733987d63b9cc3b64de') in 0.024154 seconds 
  Import took 0.106715 seconds .

========================================================================
Received Import Request.
  Time since last request: 9.877833 seconds.
  path: Assets/museo
  artifactKey: Guid(a7798e87175565f408006572d460878f) Importer(815301076,1909f56bfc062723c751e8b465ee728b)
Start importing Assets/museo using Guid(a7798e87175565f408006572d460878f) Importer(815301076,1909f56bfc062723c751e8b465ee728b)  -> (artifact id: 'dafaf9414c410777d06f3fcc6ef37946') in 0.011854 seconds 
  Import took 0.022254 seconds .

========================================================================
Received Import Request.
  Time since last request: 0.000649 seconds.
  path: Assets/museo
  artifactKey: Guid(a7798e87175565f408006572d460878f) Importer(815301076,1909f56bfc062723c751e8b465ee728b)
Start importing Assets/museo using Guid(a7798e87175565f408006572d460878f) Importer(815301076,1909f56bfc062723c751e8b465ee728b)  -> (artifact id: 'dafaf9414c410777d06f3fcc6ef37946') in 0.003709 seconds 
  Import took 0.006824 seconds .

========================================================================
Received Import Request.
  Time since last request: 12.121392 seconds.
  path: Assets/museo/cuadros
  artifactKey: Guid(54503f3245523524e887a2e31d7ab3fd) Importer(815301076,1909f56bfc062723c751e8b465ee728b)
Start importing Assets/museo/cuadros using Guid(54503f3245523524e887a2e31d7ab3fd) Importer(815301076,1909f56bfc062723c751e8b465ee728b)  -> (artifact id: '5129fe95dab2f933f18603582614ab68') in 0.010868 seconds 
  Import took 0.014301 seconds .

========================================================================
Received Import Request.
  Time since last request: 6.926703 seconds.
  path: Assets/museo/materiales
  artifactKey: Guid(202661f443bc44d429d18978995de418) Importer(815301076,1909f56bfc062723c751e8b465ee728b)
Start importing Assets/museo/materiales using Guid(202661f443bc44d429d18978995de418) Importer(815301076,1909f56bfc062723c751e8b465ee728b)  -> (artifact id: '6da097be0e380914ac1c7a0cc788caac') in 0.011645 seconds 
  Import took 0.015426 seconds .

========================================================================
Received Import Request.
  Time since last request: 7.750374 seconds.
  path: Assets/museo/scripts
  artifactKey: Guid(323030c64befb604b96b62ec2203f60b) Importer(815301076,1909f56bfc062723c751e8b465ee728b)
Start importing Assets/museo/scripts using Guid(323030c64befb604b96b62ec2203f60b) Importer(815301076,1909f56bfc062723c751e8b465ee728b)  -> (artifact id: 'f8bd9bf0c283b5eb25fa2ef1a97a53ec') in 0.010339 seconds 
  Import took 0.035618 seconds .

========================================================================
Received Import Request.
  Time since last request: 11.635703 seconds.
  path: Assets/museo/New Folder
  artifactKey: Guid(bcc9bb630560eb54bb63452ebb9fb186) Importer(815301076,1909f56bfc062723c751e8b465ee728b)
Start importing Assets/museo/New Folder using Guid(bcc9bb630560eb54bb63452ebb9fb186) Importer(815301076,1909f56bfc062723c751e8b465ee728b)  -> (artifact id: '2e56f06c9d62a27e3a02c680e21fdd46') in 0.020130 seconds 
  Import took 0.030588 seconds .

========================================================================
Received Import Request.
  Time since last request: 20.199465 seconds.
  path: Assets/museo/shaders
  artifactKey: Guid(bcc9bb630560eb54bb63452ebb9fb186) Importer(815301076,1909f56bfc062723c751e8b465ee728b)
Start importing Assets/museo/shaders using Guid(bcc9bb630560eb54bb63452ebb9fb186) Importer(815301076,1909f56bfc062723c751e8b465ee728b)  -> (artifact id: 'fa9ca35f8f5caba8d08096ccbce6b041') in 0.010173 seconds 
  Import took 0.013905 seconds .

========================================================================
Received Import Request.
  Time since last request: 9.061825 seconds.
  path: Assets/museo/texturas
  artifactKey: Guid(2540fa9474af6c14eb8bb6bbc3bdb5a8) Importer(815301076,1909f56bfc062723c751e8b465ee728b)
Start importing Assets/museo/texturas using Guid(2540fa9474af6c14eb8bb6bbc3bdb5a8) Importer(815301076,1909f56bfc062723c751e8b465ee728b)  -> (artifact id: '4c30c6b372008c958e61f84ec04a5fed') in 0.009636 seconds 
  Import took 0.021553 seconds .

========================================================================
Received Import Request.
  Time since last request: 690.627978 seconds.
  path: Assets/museo/materiales/New Material.mat
  artifactKey: Guid(7bb7227ac870ab945aa3642e5dc7a8a9) Importer(815301076,1909f56bfc062723c751e8b465ee728b)
Start importing Assets/museo/materiales/New Material.mat using Guid(7bb7227ac870ab945aa3642e5dc7a8a9) Importer(815301076,1909f56bfc062723c751e8b465ee728b)  -> (artifact id: '884ed2beca1f5d5b8c2b056479095a76') in 0.602246 seconds 
  Import took 0.621022 seconds .

========================================================================
Received Import Request.
  Time since last request: 21.866861 seconds.
  path: Assets/museo/materiales/color pared mad.mat
  artifactKey: Guid(7bb7227ac870ab945aa3642e5dc7a8a9) Importer(815301076,1909f56bfc062723c751e8b465ee728b)
Start importing Assets/museo/materiales/color pared mad.mat using Guid(7bb7227ac870ab945aa3642e5dc7a8a9) Importer(815301076,1909f56bfc062723c751e8b465ee728b)  -> (artifact id: '0da6f63ab0375a08a56d28a7adfb83d6') in 0.016141 seconds 
  Import took 0.027765 seconds .

========================================================================
Received Import Request.
  Time since last request: 286.740236 seconds.
  path: Assets/museo/texturas/Imitación-Madera-ed..png
  artifactKey: Guid(d946debc0f369db4f935dabfee6a1c61) Importer(815301076,1909f56bfc062723c751e8b465ee728b)
Start importing Assets/museo/texturas/Imitación-Madera-ed..png using Guid(d946debc0f369db4f935dabfee6a1c61) Importer(815301076,1909f56bfc062723c751e8b465ee728b)  -> (artifact id: '359954a3c828c35c9c18df9587036e92') in 0.176609 seconds 
  Import took 0.190055 seconds .

========================================================================
Received Import Request.
  Time since last request: 0.000263 seconds.
  path: Assets/museo/texturas/Laminate_B01_Diff.jpg
  artifactKey: Guid(ee2cec97888fa4c488c3f8aa41113c19) Importer(815301076,1909f56bfc062723c751e8b465ee728b)
Start importing Assets/museo/texturas/Laminate_B01_Diff.jpg using Guid(ee2cec97888fa4c488c3f8aa41113c19) Importer(815301076,1909f56bfc062723c751e8b465ee728b)  -> (artifact id: 'ec348ebd46c9f5fc1d28fec1fa82f2ca') in 0.073295 seconds 
  Import took 0.081478 seconds .

========================================================================
Received Import Request.
  Time since last request: 49.340599 seconds.
  path: Assets/museo/materiales/suelo madera mat.mat
  artifactKey: Guid(99b0ccb4d5699a4449ed0cd057442567) Importer(815301076,1909f56bfc062723c751e8b465ee728b)
Start importing Assets/museo/materiales/suelo madera mat.mat using Guid(99b0ccb4d5699a4449ed0cd057442567) Importer(815301076,1909f56bfc062723c751e8b465ee728b)  -> (artifact id: '0401f7482727810c507f9a7fb64c076c') in 0.034945 seconds 
  Import took 0.048421 seconds .

========================================================================
Received Import Request.
  Time since last request: 199.755726 seconds.
  path: Assets/museo/materiales/color pared mad.mat
  artifactKey: Guid(7bb7227ac870ab945aa3642e5dc7a8a9) Importer(815301076,1909f56bfc062723c751e8b465ee728b)
Start importing Assets/museo/materiales/color pared mad.mat using Guid(7bb7227ac870ab945aa3642e5dc7a8a9) Importer(815301076,1909f56bfc062723c751e8b465ee728b)  -> (artifact id: '3b53031995df28245a2722936c451c96') in 0.029469 seconds 
  Import took 0.033876 seconds .

========================================================================
Received Import Request.
  Time since last request: 5.980945 seconds.
  path: Assets/museo/materiales/suelo madera mat.mat
  artifactKey: Guid(99b0ccb4d5699a4449ed0cd057442567) Importer(815301076,1909f56bfc062723c751e8b465ee728b)
Start importing Assets/museo/materiales/suelo madera mat.mat using Guid(99b0ccb4d5699a4449ed0cd057442567) Importer(815301076,1909f56bfc062723c751e8b465ee728b)  -> (artifact id: '3a5c284351eb2ae835dc7bde2d3236ee') in 0.038295 seconds 
  Import took 0.042518 seconds .

========================================================================
Received Import Request.
  Time since last request: 14.220089 seconds.
  path: Assets/museo/materiales/New Lighting Settings.lighting
  artifactKey: Guid(7f639d081be7d914783707110e4cfa1c) Importer(815301076,1909f56bfc062723c751e8b465ee728b)
Start importing Assets/museo/materiales/New Lighting Settings.lighting using Guid(7f639d081be7d914783707110e4cfa1c) Importer(815301076,1909f56bfc062723c751e8b465ee728b)  -> (artifact id: '2e06579734bebf8e7d4820a4c218fad6') in 0.030556 seconds 
  Import took 0.033042 seconds .

========================================================================
Received Import Request.
  Time since last request: 1253.037147 seconds.
  path: Assets/museo/cuadros/cerro_rico.jpg
  artifactKey: Guid(3c4720608706cee4f9e9520e74fd5879) Importer(815301076,1909f56bfc062723c751e8b465ee728b)
Start importing Assets/museo/cuadros/cerro_rico.jpg using Guid(3c4720608706cee4f9e9520e74fd5879) Importer(815301076,1909f56bfc062723c751e8b465ee728b)  -> (artifact id: '34ddf832005b1dea12d4bc71ec4a1c48') in 0.044002 seconds 
  Import took 0.047283 seconds .

========================================================================
Received Import Request.
  Time since last request: 0.000248 seconds.
  path: Assets/museo/cuadros/madre.jpg
  artifactKey: Guid(cfc9ef2a3b8e763429601a340ac7d7bd) Importer(815301076,1909f56bfc062723c751e8b465ee728b)
Start importing Assets/museo/cuadros/madre.jpg using Guid(cfc9ef2a3b8e763429601a340ac7d7bd) Importer(815301076,1909f56bfc062723c751e8b465ee728b)  -> (artifact id: '5f43ad1f5161d572fd93f525657d4c51') in 0.059620 seconds 
  Import took 0.087540 seconds .

========================================================================
Received Import Request.
  Time since last request: 0.000216 seconds.
  path: Assets/museo/cuadros/mujer_pollera.jpg
  artifactKey: Guid(4b0375b019505cf4ea9bfd90172ed407) Importer(815301076,1909f56bfc062723c751e8b465ee728b)
Start importing Assets/museo/cuadros/mujer_pollera.jpg using Guid(4b0375b019505cf4ea9bfd90172ed407) Importer(815301076,1909f56bfc062723c751e8b465ee728b)  -> (artifact id: 'babc8ab3fce7499d885d698e9e31af16') in 0.047844 seconds 
  Import took 0.062480 seconds .

========================================================================
Received Import Request.
  Time since last request: 0.000204 seconds.
  path: Assets/museo/cuadros/niño_boliviano.jpg
  artifactKey: Guid(4474d14abd9c45a418dfc193232d186e) Importer(815301076,1909f56bfc062723c751e8b465ee728b)
Start importing Assets/museo/cuadros/niño_boliviano.jpg using Guid(4474d14abd9c45a418dfc193232d186e) Importer(815301076,1909f56bfc062723c751e8b465ee728b)  -> (artifact id: '286047d2457d727fd0cdb359e3fbb112') in 0.024638 seconds 
  Import took 0.027717 seconds .

========================================================================
Received Import Request.
  Time since last request: 0.000257 seconds.
  path: Assets/museo/cuadros/mamani_12.jpg
  artifactKey: Guid(79bf1cf77c9825749b6540d147bfa630) Importer(815301076,1909f56bfc062723c751e8b465ee728b)
Start importing Assets/museo/cuadros/mamani_12.jpg using Guid(79bf1cf77c9825749b6540d147bfa630) Importer(815301076,1909f56bfc062723c751e8b465ee728b)  -> (artifact id: 'bed48c68b27789e5df0dc69e02885f51') in 0.028351 seconds 
  Import took 0.040833 seconds .

========================================================================
Received Import Request.
  Time since last request: 0.000170 seconds.
  path: Assets/museo/cuadros/taquirari.jpg
  artifactKey: Guid(7f6fdb78cfb75c540894ac2b6b6cc1e2) Importer(815301076,1909f56bfc062723c751e8b465ee728b)
Start importing Assets/museo/cuadros/taquirari.jpg using Guid(7f6fdb78cfb75c540894ac2b6b6cc1e2) Importer(815301076,1909f56bfc062723c751e8b465ee728b)  -> (artifact id: 'c136b941e1496fb6462f42379940e33d') in 0.076614 seconds 
  Import took 0.089036 seconds .

========================================================================
Received Import Request.
  Time since last request: 0.000200 seconds.
  path: Assets/museo/cuadros/tarija1.jpg
  artifactKey: Guid(39c630a5a184b1849ad4f416374496fd) Importer(815301076,1909f56bfc062723c751e8b465ee728b)
Start importing Assets/museo/cuadros/tarija1.jpg using Guid(39c630a5a184b1849ad4f416374496fd) Importer(815301076,1909f56bfc062723c751e8b465ee728b)  -> (artifact id: 'ed9f7b27f8c9abd4a537d78147c35fbd') in 0.043199 seconds 
  Import took 0.047668 seconds .

========================================================================
Received Import Request.
  Time since last request: 0.000440 seconds.
  path: Assets/museo/cuadros/illimani.jpg
  artifactKey: Guid(6325cf76287cb2e4ba0135bd019c0d69) Importer(815301076,1909f56bfc062723c751e8b465ee728b)
Start importing Assets/museo/cuadros/illimani.jpg using Guid(6325cf76287cb2e4ba0135bd019c0d69) Importer(815301076,1909f56bfc062723c751e8b465ee728b)  -> (artifact id: 'e928255afc9268927ef9e6d66be63003') in 0.062765 seconds 
  Import took 0.066716 seconds .

========================================================================
Received Import Request.
  Time since last request: 0.000182 seconds.
  path: Assets/museo/cuadros/niño2.jpg
  artifactKey: Guid(0fec9021f38131f4f86327e63e743c7a) Importer(815301076,1909f56bfc062723c751e8b465ee728b)
Start importing Assets/museo/cuadros/niño2.jpg using Guid(0fec9021f38131f4f86327e63e743c7a) Importer(815301076,1909f56bfc062723c751e8b465ee728b)  -> (artifact id: 'dd898daea7df3c66689ea767f9f9c690') in 0.024278 seconds 
  Import took 0.027420 seconds .

========================================================================
Received Import Request.
  Time since last request: 0.000215 seconds.
  path: Assets/museo/cuadros/llajua.jpg
  artifactKey: Guid(808353fa44dd55041a819b9f085fc9fc) Importer(815301076,1909f56bfc062723c751e8b465ee728b)
Start importing Assets/museo/cuadros/llajua.jpg using Guid(808353fa44dd55041a819b9f085fc9fc) Importer(815301076,1909f56bfc062723c751e8b465ee728b)  -> (artifact id: '0284720e8997011ec3e5c977aca4a523') in 0.020844 seconds 
  Import took 0.023643 seconds .

========================================================================
Received Import Request.
  Time since last request: 300.456887 seconds.
  path: Assets/museo/cuadros/Materials
  artifactKey: Guid(935a8b294dd4228409ea98e6dddfb2ef) Importer(815301076,1909f56bfc062723c751e8b465ee728b)
Start importing Assets/museo/cuadros/Materials using Guid(935a8b294dd4228409ea98e6dddfb2ef) Importer(815301076,1909f56bfc062723c751e8b465ee728b)  -> (artifact id: 'f245b37f0101d6385317034dd54fccc0') in 0.024877 seconds 
  Import took 0.028365 seconds .

========================================================================
Received Import Request.
  Time since last request: 0.041839 seconds.
  path: Assets/museo/cuadros/Materials/llajua.mat
  artifactKey: Guid(7ab0a26b751648f43b6968b7782bc3e2) Importer(815301076,1909f56bfc062723c751e8b465ee728b)
Start importing Assets/museo/cuadros/Materials/llajua.mat using Guid(7ab0a26b751648f43b6968b7782bc3e2) Importer(815301076,1909f56bfc062723c751e8b465ee728b)  -> (artifact id: '6d3c6840ae9932d9a795dcece2af9e3f') in 0.032358 seconds 
  Import took 0.035182 seconds .

========================================================================
Received Import Request.
  Time since last request: 0.000189 seconds.
  path: Assets/museo/cuadros/Materials/taquirari.mat
  artifactKey: Guid(9e1672682149fcc48a3fbfc19ca1c456) Importer(815301076,1909f56bfc062723c751e8b465ee728b)
Start importing Assets/museo/cuadros/Materials/taquirari.mat using Guid(9e1672682149fcc48a3fbfc19ca1c456) Importer(815301076,1909f56bfc062723c751e8b465ee728b)  -> (artifact id: '7dc624fe5a463a92b8050018063381e0') in 0.035352 seconds 
  Import took 0.038745 seconds .

========================================================================
Received Import Request.
  Time since last request: 922.443784 seconds.
  path: Assets/museo/cuadros/Materials/cerro_rico.mat
  artifactKey: Guid(3e78650bf585c16458c56327988c99b1) Importer(815301076,1909f56bfc062723c751e8b465ee728b)
Start importing Assets/museo/cuadros/Materials/cerro_rico.mat using Guid(3e78650bf585c16458c56327988c99b1) Importer(815301076,1909f56bfc062723c751e8b465ee728b)  -> (artifact id: 'bd1de950f04ed65d282bff66854e4c9d') in 0.028963 seconds 
  Import took 0.032147 seconds .

========================================================================
Received Import Request.
  Time since last request: 0.000266 seconds.
  path: Assets/museo/cuadros/Materials/mamani_12.mat
  artifactKey: Guid(4df8c244ec31f13428ff8c3051eb24ee) Importer(815301076,1909f56bfc062723c751e8b465ee728b)
Start importing Assets/museo/cuadros/Materials/mamani_12.mat using Guid(4df8c244ec31f13428ff8c3051eb24ee) Importer(815301076,1909f56bfc062723c751e8b465ee728b)  -> (artifact id: '762022023c4c3bba6a1a51bfd08f1625') in 0.031000 seconds 
  Import took 0.054392 seconds .

========================================================================
Received Import Request.
  Time since last request: 0.000218 seconds.
  path: Assets/museo/cuadros/Materials/niño2.mat
  artifactKey: Guid(336531072ae707c4d97f553fe84ca556) Importer(815301076,1909f56bfc062723c751e8b465ee728b)
Start importing Assets/museo/cuadros/Materials/niño2.mat using Guid(336531072ae707c4d97f553fe84ca556) Importer(815301076,1909f56bfc062723c751e8b465ee728b)  -> (artifact id: '4bb796bcb7c85ccf5b81eb4b9ed283f8') in 0.024002 seconds 
  Import took 0.026505 seconds .

========================================================================
Received Import Request.
  Time since last request: 0.000181 seconds.
  path: Assets/museo/cuadros/Materials/illimani.mat
  artifactKey: Guid(c03705986e9ae774f80f539ec13edaeb) Importer(815301076,1909f56bfc062723c751e8b465ee728b)
Start importing Assets/museo/cuadros/Materials/illimani.mat using Guid(c03705986e9ae774f80f539ec13edaeb) Importer(815301076,1909f56bfc062723c751e8b465ee728b)  -> (artifact id: 'cb9f8bcbd59fe9524afa007cda165e1b') in 0.040752 seconds 
  Import took 0.044442 seconds .

========================================================================
Received Import Request.
  Time since last request: 0.000208 seconds.
  path: Assets/museo/cuadros/Materials/niño_boliviano.mat
  artifactKey: Guid(0c758c2e1805ba149a2e4754e79f26ce) Importer(815301076,1909f56bfc062723c751e8b465ee728b)
Start importing Assets/museo/cuadros/Materials/niño_boliviano.mat using Guid(0c758c2e1805ba149a2e4754e79f26ce) Importer(815301076,1909f56bfc062723c751e8b465ee728b)  -> (artifact id: '1da21fb6d57fc9a1c5b140abc2891713') in 0.028296 seconds 
  Import took 0.030880 seconds .

========================================================================
Received Import Request.
  Time since last request: 0.000220 seconds.
  path: Assets/museo/cuadros/Materials/mujer_pollera.mat
  artifactKey: Guid(cc14ef36c5a03dc42b328fe29366dd36) Importer(815301076,1909f56bfc062723c751e8b465ee728b)
Start importing Assets/museo/cuadros/Materials/mujer_pollera.mat using Guid(cc14ef36c5a03dc42b328fe29366dd36) Importer(815301076,1909f56bfc062723c751e8b465ee728b)  -> (artifact id: '0173e5b02abd7614afc48acc17801a91') in 0.014515 seconds 
  Import took 0.030616 seconds .

========================================================================
Received Import Request.
  Time since last request: 0.000195 seconds.
  path: Assets/museo/cuadros/Materials/tarija1.mat
  artifactKey: Guid(611ccfa469cf5de4088fd9fa89912001) Importer(815301076,1909f56bfc062723c751e8b465ee728b)
Start importing Assets/museo/cuadros/Materials/tarija1.mat using Guid(611ccfa469cf5de4088fd9fa89912001) Importer(815301076,1909f56bfc062723c751e8b465ee728b)  -> (artifact id: 'c629feee196180fd597b93a3cff861da') in 0.016413 seconds 
  Import took 0.020592 seconds .

========================================================================
Received Import Request.
  Time since last request: 0.000227 seconds.
  path: Assets/museo/cuadros/Materials/mujer_pollera.mat
  artifactKey: Guid(cc14ef36c5a03dc42b328fe29366dd36) Importer(815301076,1909f56bfc062723c751e8b465ee728b)
Start importing Assets/museo/cuadros/Materials/mujer_pollera.mat using Guid(cc14ef36c5a03dc42b328fe29366dd36) Importer(815301076,1909f56bfc062723c751e8b465ee728b)  -> (artifact id: '0173e5b02abd7614afc48acc17801a91') in 0.015569 seconds 
  Import took 0.018515 seconds .

========================================================================
Received Import Request.
  Time since last request: 0.000063 seconds.
  path: Assets/museo/cuadros/Materials/tarija1.mat
  artifactKey: Guid(611ccfa469cf5de4088fd9fa89912001) Importer(815301076,1909f56bfc062723c751e8b465ee728b)
Start importing Assets/museo/cuadros/Materials/tarija1.mat using Guid(611ccfa469cf5de4088fd9fa89912001) Importer(815301076,1909f56bfc062723c751e8b465ee728b)  -> (artifact id: 'c629feee196180fd597b93a3cff861da') in 0.039038 seconds 
  Import took 0.042440 seconds .

========================================================================
Received Import Request.
  Time since last request: 455.078461 seconds.
  path: Assets/museo/materiales/color pared mad.mat
  artifactKey: Guid(7bb7227ac870ab945aa3642e5dc7a8a9) Importer(815301076,1909f56bfc062723c751e8b465ee728b)
Start importing Assets/museo/materiales/color pared mad.mat using Guid(7bb7227ac870ab945aa3642e5dc7a8a9) Importer(815301076,1909f56bfc062723c751e8b465ee728b)  -> (artifact id: '5b4d908c872e826bb563ec0ad308dc2f') in 0.027593 seconds 
  Import took 0.031220 seconds .

