Using pre-set license
Built from '2020.3/staging' branch; Version is '2020.3.16f1 (049d6eca3c44) revision 302446'; Using compiler version '192528614'; Build Type 'Release'
OS: 'Windows 10 Pro; OS build 19041.450; Version 2004; 64bit' Language: 'es' Physical Memory: 8156 MB
BatchMode: 1, IsHumanControllingUs: 0, StartBugReporterOnCrash: 0, Is64bit: 1, IsPro: 0

 COMMAND LINE ARGUMENTS:
C:\Program Files\Unity\Hub\Editor\2020.3.16f1\Editor\Unity.exe
-adb2
-batchMode
-noUpm
-name
AssetImportWorker0
-projectPath
C:/Users/Usuario/portal
-logFile
Logs/AssetImportWorker0.log
-srvPort
51183
Successfully changed project path to: C:/Users/Usuario/portal
C:/Users/Usuario/portal
Using Asset Import Pipeline V2.
Refreshing native plugins compatible for Editor in 41.70 ms, found 5 plugins.
Preloading 2 native plugins for Editor in 1.82 ms.
Initialize engine version: 2020.3.16f1 (049d6eca3c44)
[Subsystems] Discovering subsystems at path C:/Program Files/Unity/Hub/Editor/2020.3.16f1/Editor/Data/Resources/UnitySubsystems
[Subsystems] Discovering subsystems at path C:/Users/Usuario/portal/Assets
GfxDevice: creating device client; threaded=0
Direct3D:
    Version:  Direct3D 11.0 [level 11.1]
    Renderer: NVIDIA GeForce GTX 1650 (ID=0x1f82)
    Vendor:   
    VRAM:     3962 MB
    Driver:   26.21.14.4166
Initialize mono
Mono path[0] = 'C:/Program Files/Unity/Hub/Editor/2020.3.16f1/Editor/Data/Managed'
Mono path[1] = 'C:/Program Files/Unity/Hub/Editor/2020.3.16f1/Editor/Data/MonoBleedingEdge/lib/mono/unityjit'
Mono config path = 'C:/Program Files/Unity/Hub/Editor/2020.3.16f1/Editor/Data/MonoBleedingEdge/etc'
Using monoOptions --debugger-agent=transport=dt_socket,embedding=1,server=y,suspend=n,address=127.0.0.1:56256
Begin MonoManager ReloadAssembly
Registering precompiled unity dll's ...
Register platform support module: C:/Program Files/Unity/Hub/Editor/2020.3.16f1/Editor/Data/PlaybackEngines/WebGLSupport/UnityEditor.WebGL.Extensions.dll
Register platform support module: C:/Program Files/Unity/Hub/Editor/2020.3.16f1/Editor/Data/PlaybackEngines/WindowsStandaloneSupport/UnityEditor.WindowsStandalone.Extensions.dll
Registered in 0.002399 seconds.
Native extension for WindowsStandalone target not found
Native extension for WebGL target not found
Refreshing native plugins compatible for Editor in 36.25 ms, found 5 plugins.
Preloading 2 native plugins for Editor in 0.10 ms.
Mono: successfully reloaded assembly
- Completed reload, in  2.154 seconds
Domain Reload Profiling:
	ReloadAssembly (2154ms)
		BeginReloadAssembly (50ms)
			ExecutionOrderSort (0ms)
			DisableScriptedObjects (0ms)
			BackupInstance (0ms)
			ReleaseScriptingObjects (0ms)
			CreateAndSetChildDomain (1ms)
		EndReloadAssembly (398ms)
			LoadAssemblies (49ms)
			RebuildTransferFunctionScriptingTraits (0ms)
			SetupTypeCache (149ms)
			ReleaseScriptCaches (0ms)
			RebuildScriptCaches (30ms)
			SetupLoadedEditorAssemblies (153ms)
				LogAssemblyErrors (0ms)
				InitializePlatformSupportModulesInManaged (6ms)
				SetLoadedEditorAssemblies (0ms)
				RefreshPlugins (36ms)
				BeforeProcessingInitializeOnLoad (8ms)
				ProcessInitializeOnLoadAttributes (76ms)
				ProcessInitializeOnLoadMethodAttributes (27ms)
				AfterProcessingInitializeOnLoad (0ms)
				EditorAssembliesLoaded (0ms)
			ExecutionOrderSort2 (0ms)
			AwakeInstancesAfterBackupRestoration (0ms)
Platform modules already initialized, skipping
Registering precompiled user dll's ...
Registered in 0.009364 seconds.
Begin MonoManager ReloadAssembly
Native extension for WindowsStandalone target not found
Native extension for WebGL target not found
Refreshing native plugins compatible for Editor in 0.46 ms, found 5 plugins.
Preloading 2 native plugins for Editor in 0.13 ms.
System.NullReferenceException: Object reference not set to an instance of an object
  at Vuforia.EditorClasses.ExtensionTypeProvider.GetVuforiaPackageAbsPath () [0x0004a] in <1f04276909b0489a92cbf64024dd27dd>:0 
  at Vuforia.EditorClasses.ExtensionTypeProvider.IsPackageManager () [0x00000] in <1f04276909b0489a92cbf64024dd27dd>:0 
  at Vuforia.EditorClasses.ExtensionTypeProvider.ResolvePluginType () [0x00009] in <1f04276909b0489a92cbf64024dd27dd>:0 
  at Vuforia.EditorClasses.ExtensionTypeProvider.GetPluginType () [0x0000c] in <1f04276909b0489a92cbf64024dd27dd>:0 
  at Vuforia.EditorClasses.VuforiaUtilities.IsVuforiaEnabledInPlayerSettings () [0x00000] in <1f04276909b0489a92cbf64024dd27dd>:0 
  at VuforiaEnabledObserver..cctor () [0x00000] in <1f04276909b0489a92cbf64024dd27dd>:0 
UnityEngine.StackTraceUtility:ExtractStackTrace ()
UnityEngine.DebugLogHandler:LogFormat (UnityEngine.LogType,UnityEngine.Object,string,object[])
UnityEngine.Logger:Log (UnityEngine.LogType,object)
UnityEngine.Debug:LogError (object)
UnityEditor.EditorAssemblies:ProcessInitializeOnLoadAttributes (System.Type[])

System.NullReferenceException: Object reference not set to an instance of an object
  at Vuforia.EditorClasses.ExtensionTypeProvider.GetVuforiaPackageAbsPath () [0x0004a] in <1f04276909b0489a92cbf64024dd27dd>:0 
  at Vuforia.EditorClasses.ExtensionTypeProvider.IsPackageManager () [0x00000] in <1f04276909b0489a92cbf64024dd27dd>:0 
  at Vuforia.EditorClasses.ExtensionTypeProvider.ResolvePluginType () [0x00009] in <1f04276909b0489a92cbf64024dd27dd>:0 
  at Vuforia.EditorClasses.ExtensionTypeProvider.GetPluginType () [0x0000c] in <1f04276909b0489a92cbf64024dd27dd>:0 
  at Vuforia.EditorClasses.VuforiaUtilities.IsVuforiaEnabledInPlayerSettings () [0x00000] in <1f04276909b0489a92cbf64024dd27dd>:0 
  at Vuforia.EditorClasses.InitializeOnLoadVuforiaTaskRunner..cctor () [0x00015] in <1f04276909b0489a92cbf64024dd27dd>:0 
UnityEngine.StackTraceUtility:ExtractStackTrace ()
UnityEngine.DebugLogHandler:LogFormat (UnityEngine.LogType,UnityEngine.Object,string,object[])
UnityEngine.Logger:Log (UnityEngine.LogType,object)
UnityEngine.Debug:LogError (object)
UnityEditor.EditorAssemblies:ProcessInitializeOnLoadAttributes (System.Type[])

Mono: successfully reloaded assembly
- Completed reload, in  1.232 seconds
Domain Reload Profiling:
	ReloadAssembly (1233ms)
		BeginReloadAssembly (143ms)
			ExecutionOrderSort (0ms)
			DisableScriptedObjects (4ms)
			BackupInstance (0ms)
			ReleaseScriptingObjects (0ms)
			CreateAndSetChildDomain (19ms)
		EndReloadAssembly (1030ms)
			LoadAssemblies (86ms)
			RebuildTransferFunctionScriptingTraits (0ms)
			SetupTypeCache (273ms)
			ReleaseScriptCaches (0ms)
			RebuildScriptCaches (42ms)
			SetupLoadedEditorAssemblies (531ms)
				LogAssemblyErrors (0ms)
				InitializePlatformSupportModulesInManaged (5ms)
				SetLoadedEditorAssemblies (0ms)
				RefreshPlugins (1ms)
				BeforeProcessingInitializeOnLoad (52ms)
				ProcessInitializeOnLoadAttributes (463ms)
				ProcessInitializeOnLoadMethodAttributes (3ms)
				AfterProcessingInitializeOnLoad (6ms)
				EditorAssembliesLoaded (0ms)
			ExecutionOrderSort2 (0ms)
			AwakeInstancesAfterBackupRestoration (7ms)
Platform modules already initialized, skipping
========================================================================
Worker process is ready to serve import requests
Launched and connected shader compiler UnityShaderCompiler.exe after 0.06 seconds
Refreshing native plugins compatible for Editor in 0.43 ms, found 5 plugins.
Preloading 2 native plugins for Editor in 0.11 ms.
Unloading 1449 Unused Serialized files (Serialized files now loaded: 0)
System memory in use before: 69.2 MB.
System memory in use after: 69.3 MB.

Unloading 46 unused Assets to reduce memory usage. Loaded Objects now: 2147.
Total: 2.921400 ms (FindLiveObjects: 0.169200 ms CreateObjectMapping: 0.049000 ms MarkObjects: 2.627500 ms  DeleteObjects: 0.074500 ms)

AssetImportParameters requested are different than current active one (requested -> active):
  custom:framework-win-MediaFoundation: 216162199b28c13a410421893ffa2e32 -> 
  custom:video-decoder-ogg-theora: a1e56fd34408186e4bbccfd4996cb3dc -> 
  custom:container-muxer-webm: aa71ff27fc2769a1b78a27578f13a17b -> 
  custom:container-demuxer-webm: 4f35f7cbe854078d1ac9338744f61a02 -> 
  custom:container-demuxer-ogg: 62fdf1f143b41e24485cea50d1cbac27 -> 
  custom:video-encoder-webm-vp8: eb34c28f22e8b96e1ab97ce403110664 -> 
  custom:video-decoder-webm-vp8: 9c59270c3fd7afecdb556c50c9e8de78 -> 
  custom:audio-decoder-ogg-vorbis: bf7c407c2cedff20999df2af8eb42d56 -> 
  custom:audio-encoder-webm-vorbis: bf7c407c2cedff20999df2af8eb42d56 -> 
========================================================================
Received Import Request.
  path: Assets/museo/materiales/marco mat.mat
  artifactKey: Guid(d0a7e0f8b85de1d4fb1dfd81ea87172a) Importer(815301076,1909f56bfc062723c751e8b465ee728b)
Start importing Assets/museo/materiales/marco mat.mat using Guid(d0a7e0f8b85de1d4fb1dfd81ea87172a) Importer(815301076,1909f56bfc062723c751e8b465ee728b)  -> (artifact id: 'eac7efb44dadc68cfa3f1fce7686fb69') in 0.130281 seconds 
  Import took 0.133482 seconds .

========================================================================
Received Prepare
Registering precompiled user dll's ...
Registered in 0.009064 seconds.
Begin MonoManager ReloadAssembly
Native extension for WindowsStandalone target not found
Native extension for WebGL target not found
Refreshing native plugins compatible for Editor in 0.84 ms, found 5 plugins.
Preloading 2 native plugins for Editor in 0.21 ms.
System.NullReferenceException: Object reference not set to an instance of an object
  at Vuforia.EditorClasses.ExtensionTypeProvider.GetVuforiaPackageAbsPath () [0x0004a] in <1f04276909b0489a92cbf64024dd27dd>:0 
  at Vuforia.EditorClasses.ExtensionTypeProvider.IsPackageManager () [0x00000] in <1f04276909b0489a92cbf64024dd27dd>:0 
  at Vuforia.EditorClasses.ExtensionTypeProvider.ResolvePluginType () [0x00009] in <1f04276909b0489a92cbf64024dd27dd>:0 
  at Vuforia.EditorClasses.ExtensionTypeProvider.GetPluginType () [0x0000c] in <1f04276909b0489a92cbf64024dd27dd>:0 
  at Vuforia.EditorClasses.VuforiaUtilities.IsVuforiaEnabledInPlayerSettings () [0x00000] in <1f04276909b0489a92cbf64024dd27dd>:0 
  at VuforiaEnabledObserver..cctor () [0x00000] in <1f04276909b0489a92cbf64024dd27dd>:0 
UnityEngine.StackTraceUtility:ExtractStackTrace ()
UnityEngine.DebugLogHandler:LogFormat (UnityEngine.LogType,UnityEngine.Object,string,object[])
UnityEngine.Logger:Log (UnityEngine.LogType,object)
UnityEngine.Debug:LogError (object)
UnityEditor.EditorAssemblies:ProcessInitializeOnLoadAttributes (System.Type[])

System.NullReferenceException: Object reference not set to an instance of an object
  at Vuforia.EditorClasses.ExtensionTypeProvider.GetVuforiaPackageAbsPath () [0x0004a] in <1f04276909b0489a92cbf64024dd27dd>:0 
  at Vuforia.EditorClasses.ExtensionTypeProvider.IsPackageManager () [0x00000] in <1f04276909b0489a92cbf64024dd27dd>:0 
  at Vuforia.EditorClasses.ExtensionTypeProvider.ResolvePluginType () [0x00009] in <1f04276909b0489a92cbf64024dd27dd>:0 
  at Vuforia.EditorClasses.ExtensionTypeProvider.GetPluginType () [0x0000c] in <1f04276909b0489a92cbf64024dd27dd>:0 
  at Vuforia.EditorClasses.VuforiaUtilities.IsVuforiaEnabledInPlayerSettings () [0x00000] in <1f04276909b0489a92cbf64024dd27dd>:0 
  at Vuforia.EditorClasses.InitializeOnLoadVuforiaTaskRunner..cctor () [0x00015] in <1f04276909b0489a92cbf64024dd27dd>:0 
UnityEngine.StackTraceUtility:ExtractStackTrace ()
UnityEngine.DebugLogHandler:LogFormat (UnityEngine.LogType,UnityEngine.Object,string,object[])
UnityEngine.Logger:Log (UnityEngine.LogType,object)
UnityEngine.Debug:LogError (object)
UnityEditor.EditorAssemblies:ProcessInitializeOnLoadAttributes (System.Type[])

Mono: successfully reloaded assembly
- Completed reload, in  1.307 seconds
Domain Reload Profiling:
	ReloadAssembly (1307ms)
		BeginReloadAssembly (150ms)
			ExecutionOrderSort (0ms)
			DisableScriptedObjects (4ms)
			BackupInstance (0ms)
			ReleaseScriptingObjects (0ms)
			CreateAndSetChildDomain (48ms)
		EndReloadAssembly (1083ms)
			LoadAssemblies (117ms)
			RebuildTransferFunctionScriptingTraits (0ms)
			SetupTypeCache (416ms)
			ReleaseScriptCaches (1ms)
			RebuildScriptCaches (39ms)
			SetupLoadedEditorAssemblies (422ms)
				LogAssemblyErrors (0ms)
				InitializePlatformSupportModulesInManaged (8ms)
				SetLoadedEditorAssemblies (0ms)
				RefreshPlugins (1ms)
				BeforeProcessingInitializeOnLoad (54ms)
				ProcessInitializeOnLoadAttributes (350ms)
				ProcessInitializeOnLoadMethodAttributes (3ms)
				AfterProcessingInitializeOnLoad (5ms)
				EditorAssembliesLoaded (0ms)
			ExecutionOrderSort2 (0ms)
			AwakeInstancesAfterBackupRestoration (6ms)
Platform modules already initialized, skipping
Switching build target platform(19) subTarget(0) extendedPlatform(0) -> platform(13) subTarget(524288) extendedPlatform(0)
Refreshing native plugins compatible for Editor in 0.61 ms, found 5 plugins.
Preloading 2 native plugins for Editor in 0.14 ms.
Unloading 1438 Unused Serialized files (Serialized files now loaded: 0)
System memory in use before: 71.9 MB.
System memory in use after: 71.7 MB.

Unloading 43 unused Assets to reduce memory usage. Loaded Objects now: 2190.
Total: 3.079300 ms (FindLiveObjects: 0.191100 ms CreateObjectMapping: 0.063200 ms MarkObjects: 2.506200 ms  DeleteObjects: 0.316700 ms)

AssetImportParameters requested are different than current active one (requested -> active):
  custom:framework-win-MediaFoundation: 216162199b28c13a410421893ffa2e32 -> 
  custom:video-decoder-ogg-theora: a1e56fd34408186e4bbccfd4996cb3dc -> 
  custom:container-muxer-webm: aa71ff27fc2769a1b78a27578f13a17b -> 
  custom:container-demuxer-webm: 4f35f7cbe854078d1ac9338744f61a02 -> 
  custom:container-demuxer-ogg: 62fdf1f143b41e24485cea50d1cbac27 -> 
  custom:video-encoder-webm-vp8: eb34c28f22e8b96e1ab97ce403110664 -> 
  custom:video-decoder-webm-vp8: 9c59270c3fd7afecdb556c50c9e8de78 -> 
  custom:graphics/normal-map-encoding: 01000000000000000000000000000000 -> 02000000000000000000000000000000
  custom:audio-decoder-ogg-vorbis: bf7c407c2cedff20999df2af8eb42d56 -> 
  custom:audio-encoder-webm-vorbis: bf7c407c2cedff20999df2af8eb42d56 -> 
========================================================================
Received Import Request.
  Time since last request: 253.107065 seconds.
  path: Assets/museo/materiales/puerta mat.mat
  artifactKey: Guid(5398fd836c1e638419befdd3a8c4c7f6) Importer(815301076,1909f56bfc062723c751e8b465ee728b)
Start importing Assets/museo/materiales/puerta mat.mat using Guid(5398fd836c1e638419befdd3a8c4c7f6) Importer(815301076,1909f56bfc062723c751e8b465ee728b)  -> (artifact id: 'd9dc1ff6e4c64b5c14ec2227a8c8027d') in 0.286079 seconds 
  Import took 0.302715 seconds .

========================================================================
Received Prepare
Refreshing native plugins compatible for Editor in 8.92 ms, found 5 plugins.
Preloading 2 native plugins for Editor in 0.10 ms.
Unloading 41 Unused Serialized files (Serialized files now loaded: 0)
System memory in use before: 44.5 MB.
System memory in use after: 44.2 MB.

Unloading 41 unused Assets to reduce memory usage. Loaded Objects now: 2191.
Total: 3.770500 ms (FindLiveObjects: 0.173800 ms CreateObjectMapping: 0.053500 ms MarkObjects: 3.226100 ms  DeleteObjects: 0.315500 ms)

AssetImportParameters requested are different than current active one (requested -> active):
  custom:framework-win-MediaFoundation: 216162199b28c13a410421893ffa2e32 -> 
  custom:video-decoder-ogg-theora: a1e56fd34408186e4bbccfd4996cb3dc -> 
  custom:container-muxer-webm: aa71ff27fc2769a1b78a27578f13a17b -> 
  custom:container-demuxer-webm: 4f35f7cbe854078d1ac9338744f61a02 -> 
  custom:container-demuxer-ogg: 62fdf1f143b41e24485cea50d1cbac27 -> 
  custom:video-encoder-webm-vp8: eb34c28f22e8b96e1ab97ce403110664 -> 
  custom:video-decoder-webm-vp8: 9c59270c3fd7afecdb556c50c9e8de78 -> 
  custom:audio-decoder-ogg-vorbis: bf7c407c2cedff20999df2af8eb42d56 -> 
  custom:audio-encoder-webm-vorbis: bf7c407c2cedff20999df2af8eb42d56 -> 
========================================================================
Received Import Request.
  Time since last request: 1501.397232 seconds.
  path: Assets/museo/materiales/cerro_rico.mat
  artifactKey: Guid(3e78650bf585c16458c56327988c99b1) Importer(815301076,1909f56bfc062723c751e8b465ee728b)
Start importing Assets/museo/materiales/cerro_rico.mat using Guid(3e78650bf585c16458c56327988c99b1) Importer(815301076,1909f56bfc062723c751e8b465ee728b)  -> (artifact id: '9ab1d452b5ed113557a44a1ee4db721c') in 0.047805 seconds 
  Import took 0.086769 seconds .

========================================================================
Received Import Request.
  Time since last request: 0.000184 seconds.
  path: Assets/museo/materiales/suelo madera mat.mat
  artifactKey: Guid(99b0ccb4d5699a4449ed0cd057442567) Importer(815301076,1909f56bfc062723c751e8b465ee728b)
Start importing Assets/museo/materiales/suelo madera mat.mat using Guid(99b0ccb4d5699a4449ed0cd057442567) Importer(815301076,1909f56bfc062723c751e8b465ee728b)  -> (artifact id: '73aaa678ce3edcc9dae24415e1e9bf67') in 0.040518 seconds 
  Import took 0.044076 seconds .

========================================================================
Received Import Request.
  Time since last request: 0.000178 seconds.
  path: Assets/museo/materiales/puerta mat.mat
  artifactKey: Guid(5398fd836c1e638419befdd3a8c4c7f6) Importer(815301076,1909f56bfc062723c751e8b465ee728b)
Start importing Assets/museo/materiales/puerta mat.mat using Guid(5398fd836c1e638419befdd3a8c4c7f6) Importer(815301076,1909f56bfc062723c751e8b465ee728b)  -> (artifact id: '31272542e7cba9dae8427b21dcd5b880') in 0.013248 seconds 
  Import took 0.018020 seconds .

========================================================================
Received Import Request.
  Time since last request: 0.000266 seconds.
  path: Assets/museo/materiales/llajua.mat
  artifactKey: Guid(7ab0a26b751648f43b6968b7782bc3e2) Importer(815301076,1909f56bfc062723c751e8b465ee728b)
Start importing Assets/museo/materiales/llajua.mat using Guid(7ab0a26b751648f43b6968b7782bc3e2) Importer(815301076,1909f56bfc062723c751e8b465ee728b)  -> (artifact id: '8a878c112ae6e4c128540e1f0439e93e') in 0.039693 seconds 
  Import took 0.045107 seconds .

========================================================================
Received Import Request.
  Time since last request: 0.000237 seconds.
  path: Assets/museo/materiales/mamani_12.mat
  artifactKey: Guid(4df8c244ec31f13428ff8c3051eb24ee) Importer(815301076,1909f56bfc062723c751e8b465ee728b)
Start importing Assets/museo/materiales/mamani_12.mat using Guid(4df8c244ec31f13428ff8c3051eb24ee) Importer(815301076,1909f56bfc062723c751e8b465ee728b)  -> (artifact id: '771a004c3587c8c4779871745f076751') in 0.171090 seconds 
  Import took 0.174709 seconds .

========================================================================
Received Import Request.
  Time since last request: 0.000237 seconds.
  path: Assets/museo/materiales/ni単o2.mat
  artifactKey: Guid(336531072ae707c4d97f553fe84ca556) Importer(815301076,1909f56bfc062723c751e8b465ee728b)
Start importing Assets/museo/materiales/ni単o2.mat using Guid(336531072ae707c4d97f553fe84ca556) Importer(815301076,1909f56bfc062723c751e8b465ee728b)  -> (artifact id: '9392972baf1835cdedf98a32a212dd1e') in 0.025495 seconds 
  Import took 0.197712 seconds .

========================================================================
Received Import Request.
  Time since last request: 0.002447 seconds.
  path: Assets/museo/materiales/marco mat.mat
  artifactKey: Guid(d0a7e0f8b85de1d4fb1dfd81ea87172a) Importer(815301076,1909f56bfc062723c751e8b465ee728b)
Start importing Assets/museo/materiales/marco mat.mat using Guid(d0a7e0f8b85de1d4fb1dfd81ea87172a) Importer(815301076,1909f56bfc062723c751e8b465ee728b)  -> (artifact id: '11122406a56bb4cb75749fa49e3797a0') in 0.041350 seconds 
  Import took 0.050006 seconds .

========================================================================
Received Import Request.
  Time since last request: 0.000286 seconds.
  path: Assets/museo/materiales/illimani.mat
  artifactKey: Guid(c03705986e9ae774f80f539ec13edaeb) Importer(815301076,1909f56bfc062723c751e8b465ee728b)
Start importing Assets/museo/materiales/illimani.mat using Guid(c03705986e9ae774f80f539ec13edaeb) Importer(815301076,1909f56bfc062723c751e8b465ee728b)  -> (artifact id: 'eb39994f9a2befe0cebb8972eb1e6f75') in 0.030732 seconds 
  Import took 0.035945 seconds .

========================================================================
Received Import Request.
  Time since last request: 0.000269 seconds.
  path: Assets/museo/materiales/ni単o_boliviano.mat
  artifactKey: Guid(0c758c2e1805ba149a2e4754e79f26ce) Importer(815301076,1909f56bfc062723c751e8b465ee728b)
Start importing Assets/museo/materiales/ni単o_boliviano.mat using Guid(0c758c2e1805ba149a2e4754e79f26ce) Importer(815301076,1909f56bfc062723c751e8b465ee728b)  -> (artifact id: 'dad2b80e0855711fd0741f86d76e9b54') in 0.032512 seconds 
  Import took 0.036719 seconds .

========================================================================
Received Import Request.
  Time since last request: 0.000218 seconds.
  path: Assets/museo/materiales/taquirari.mat
  artifactKey: Guid(9e1672682149fcc48a3fbfc19ca1c456) Importer(815301076,1909f56bfc062723c751e8b465ee728b)
Start importing Assets/museo/materiales/taquirari.mat using Guid(9e1672682149fcc48a3fbfc19ca1c456) Importer(815301076,1909f56bfc062723c751e8b465ee728b)  -> (artifact id: '571fb4b963ecc958b9428165af44562d') in 0.159920 seconds 
  Import took 0.165376 seconds .

========================================================================
Received Import Request.
  Time since last request: 0.000324 seconds.
  path: Assets/museo/materiales/color pared mad.mat
  artifactKey: Guid(7bb7227ac870ab945aa3642e5dc7a8a9) Importer(815301076,1909f56bfc062723c751e8b465ee728b)
Start importing Assets/museo/materiales/color pared mad.mat using Guid(7bb7227ac870ab945aa3642e5dc7a8a9) Importer(815301076,1909f56bfc062723c751e8b465ee728b)  -> (artifact id: '6e80478c6721c27366ce463c23ce3848') in 0.027911 seconds 
  Import took 0.034274 seconds .

========================================================================
Received Import Request.
  Time since last request: 0.000700 seconds.
  path: Assets/museo/materiales/mujer_pollera.mat
  artifactKey: Guid(cc14ef36c5a03dc42b328fe29366dd36) Importer(815301076,1909f56bfc062723c751e8b465ee728b)
Start importing Assets/museo/materiales/mujer_pollera.mat using Guid(cc14ef36c5a03dc42b328fe29366dd36) Importer(815301076,1909f56bfc062723c751e8b465ee728b)  -> (artifact id: 'd304c7158af6466e02a49d3d3b877cac') in 0.029515 seconds 
  Import took 0.034626 seconds .

========================================================================
Received Import Request.
  Time since last request: 0.000184 seconds.
  path: Assets/museo/materiales/cerro_rico.mat
  artifactKey: Guid(3e78650bf585c16458c56327988c99b1) Importer(815301076,1909f56bfc062723c751e8b465ee728b)
Start importing Assets/museo/materiales/cerro_rico.mat using Guid(3e78650bf585c16458c56327988c99b1) Importer(815301076,1909f56bfc062723c751e8b465ee728b)  -> (artifact id: '9ab1d452b5ed113557a44a1ee4db721c') in 0.029373 seconds 
  Import took 0.033437 seconds .

========================================================================
Received Import Request.
  Time since last request: 0.000173 seconds.
  path: Assets/museo/materiales/tarija1.mat
  artifactKey: Guid(611ccfa469cf5de4088fd9fa89912001) Importer(815301076,1909f56bfc062723c751e8b465ee728b)
Start importing Assets/museo/materiales/tarija1.mat using Guid(611ccfa469cf5de4088fd9fa89912001) Importer(815301076,1909f56bfc062723c751e8b465ee728b)  -> (artifact id: '1bacad9374955f14b7a9c683ea7b5b66') in 0.018245 seconds 
  Import took 0.023852 seconds .

========================================================================
Received Import Request.
  Time since last request: 68.243218 seconds.
  path: Assets/museo/materiales/mujer_pollera.mat
  artifactKey: Guid(cc14ef36c5a03dc42b328fe29366dd36) Importer(815301076,1909f56bfc062723c751e8b465ee728b)
Start importing Assets/museo/materiales/mujer_pollera.mat using Guid(cc14ef36c5a03dc42b328fe29366dd36) Importer(815301076,1909f56bfc062723c751e8b465ee728b)  -> (artifact id: 'd304c7158af6466e02a49d3d3b877cac') in 0.022350 seconds 
  Import took 0.026698 seconds .

AssetImportWorkerClient::OnTransportError - code=2 error=End of file
